<?xml version="1.0" encoding="UTF-8"?>
<!-- Generated by org.testng.reporters.JUnitReportReporter -->
<testsuite hostname="Fariss-MacBook-Pro.local" failures="0" tests="1" name="com.decapro.testCases.TC_LoginDDT_002" time="38.469" errors="0" timestamp="2023-03-05T01:34:53 CET" skipped="0">
  <testcase classname="com.decapro.testCases.TC_LoginDDT_002" name="loginDDT" time="38.469"/>
  <system-out/>
</testsuite> <!-- com.decapro.testCases.TC_LoginDDT_002 -->
