<?xml version="1.0" encoding="UTF-8"?>
<!-- Generated by org.testng.reporters.JUnitReportReporter -->
<testsuite hostname="Fariss-MacBook-Pro.local" failures="0" tests="1" name="com.decapro.testCases.TC_LoginTest_001" time="37.299" errors="0" timestamp="2023-03-05T01:36:49 CET" skipped="0">
  <testcase classname="com.decapro.testCases.TC_LoginTest_001" name="loginTest" time="37.299"/>
  <system-out/>
</testsuite> <!-- com.decapro.testCases.TC_LoginTest_001 -->
